2020-06-11 07:53:40 [127.0.0.1][-][-][error][yii\web\HttpException:401] yii\web\UnauthorizedHttpException: Your request was made with invalid credentials. in /Users/xushuo/Desktop/www/yii2cms/vendor/yiisoft/yii2/filters/auth/AuthMethod.php:93
Stack trace:
#0 /Users/xushuo/Desktop/www/yii2cms/vendor/yiisoft/yii2/filters/auth/AuthMethod.php(76): yii\filters\auth\AuthMethod->handleFailure(Object(yii\web\Response))
#1 /Users/xushuo/Desktop/www/yii2cms/vendor/yiisoft/yii2/base/ActionFilter.php(77): yii\filters\auth\AuthMethod->beforeAction(Object(yii\rest\ViewAction))
#2 [internal function]: yii\base\ActionFilter->beforeFilter(Object(yii\base\ActionEvent))
#3 /Users/xushuo/Desktop/www/yii2cms/vendor/yiisoft/yii2/base/Component.php(627): call_user_func(Array, Object(yii\base\ActionEvent))
#4 /Users/xushuo/Desktop/www/yii2cms/vendor/yiisoft/yii2/base/Controller.php(276): yii\base\Component->trigger('beforeAction', Object(yii\base\ActionEvent))
#5 /Users/xushuo/Desktop/www/yii2cms/vendor/yiisoft/yii2/web/Controller.php(188): yii\base\Controller->beforeAction(Object(yii\rest\ViewAction))
#6 /Users/xushuo/Desktop/www/yii2cms/vendor/yiisoft/yii2/base/Controller.php(155): yii\web\Controller->beforeAction(Object(yii\rest\ViewAction))
#7 /Users/xushuo/Desktop/www/yii2cms/vendor/yiisoft/yii2/base/Module.php(528): yii\base\Controller->runAction('view', Array)
#8 /Users/xushuo/Desktop/www/yii2cms/vendor/yiisoft/yii2/web/Application.php(103): yii\base\Module->runAction('v1/article/view', Array)
#9 /Users/xushuo/Desktop/www/yii2cms/vendor/yiisoft/yii2/base/Application.php(386): yii\web\Application->handleRequest(Object(yii\web\Request))
#10 /Users/xushuo/Desktop/www/yii2cms/api/web/index.php(17): yii\base\Application->run()
#11 {main}
2020-06-11 07:53:40 [127.0.0.1][-][-][info][application] $_GET = [
    'id' => '1'
]

$_POST = []

$_FILES = []

$_COOKIE = [
    '_adminCSRF' => '70a75a601a3aa8ccec6a858d29835982389e416d912e2885284c18612d0acffca:2:{i:0;s:10:\"_adminCSRF\";i:1;s:32:\"k8YrUSt0MTr2o96pxDExwZubDCi8rraP\";}'
    'PHPBACKSESSION' => '64328a525156760b11c08831715f11e4'
    '_identity' => 'a87f213d5d85b83a034470aa626ebd245c9481d839d44b063bf8fd9654666cb5a:2:{i:0;s:9:\"_identity\";i:1;s:47:\"[[],\"pG7TRyTIXlEbcenpi34TzmMYS2zDsMTF\",2592000]\";}'
    'advanced-backend' => '7f8bac1230ad66b1634509f215645411'
    '_identity-backend' => 'c5f0e52fba8af789a8304ab6328566fd633220f07679c453e2ef461251ff597da:2:{i:0;s:17:\"_identity-backend\";i:1;s:46:\"[1,\"FoFuK-WrcOayDI0_kLdRwGavKN-6mXs6\",2592000]\";}'
    '_csrf-backend' => 'c471752693ffbca5bf8a1f2a3714fd0b8e90512de2c7776c9a61252a98b3998ca:2:{i:0;s:13:\"_csrf-backend\";i:1;s:32:\"DkxrwyyGXtlr2JyODwVLjuOtrc68KaPE\";}'
]

$_SERVER = [
    'USER' => 'xushuo'
    'HOME' => '/Users/xushuo'
    'HTTP_COOKIE' => '_adminCSRF=70a75a601a3aa8ccec6a858d29835982389e416d912e2885284c18612d0acffca%3A2%3A%7Bi%3A0%3Bs%3A10%3A%22_adminCSRF%22%3Bi%3A1%3Bs%3A32%3A%22k8YrUSt0MTr2o96pxDExwZubDCi8rraP%22%3B%7D; PHPBACKSESSION=64328a525156760b11c08831715f11e4; _identity=a87f213d5d85b83a034470aa626ebd245c9481d839d44b063bf8fd9654666cb5a%3A2%3A%7Bi%3A0%3Bs%3A9%3A%22_identity%22%3Bi%3A1%3Bs%3A47%3A%22%5B%5B%5D%2C%22pG7TRyTIXlEbcenpi34TzmMYS2zDsMTF%22%2C2592000%5D%22%3B%7D; advanced-backend=7f8bac1230ad66b1634509f215645411; _identity-backend=c5f0e52fba8af789a8304ab6328566fd633220f07679c453e2ef461251ff597da%3A2%3A%7Bi%3A0%3Bs%3A17%3A%22_identity-backend%22%3Bi%3A1%3Bs%3A46%3A%22%5B1%2C%22FoFuK-WrcOayDI0_kLdRwGavKN-6mXs6%22%2C2592000%5D%22%3B%7D; _csrf-backend=c471752693ffbca5bf8a1f2a3714fd0b8e90512de2c7776c9a61252a98b3998ca%3A2%3A%7Bi%3A0%3Bs%3A13%3A%22_csrf-backend%22%3Bi%3A1%3Bs%3A32%3A%22DkxrwyyGXtlr2JyODwVLjuOtrc68KaPE%22%3B%7D'
    'HTTP_ACCEPT_LANGUAGE' => 'zh-CN,zh;q=0.9,en;q=0.8'
    'HTTP_ACCEPT_ENCODING' => 'gzip, deflate, br'
    'HTTP_SEC_FETCH_USER' => '?1'
    'HTTP_SEC_FETCH_MODE' => 'navigate'
    'HTTP_SEC_FETCH_SITE' => 'none'
    'HTTP_ACCEPT' => 'text/html,application/xhtml+xml,application/xml;q=0.9,image/webp,image/apng,*/*;q=0.8,application/signed-exchange;v=b3;q=0.9'
    'HTTP_SEC_FETCH_DEST' => 'document'
    'HTTP_USER_AGENT' => 'Mozilla/5.0 (Macintosh; Intel Mac OS X 10_14_6) AppleWebKit/537.36 (KHTML, like Gecko) Chrome/80.0.3987.149 Safari/537.36'
    'HTTP_UPGRADE_INSECURE_REQUESTS' => '1'
    'HTTP_CACHE_CONTROL' => 'max-age=0'
    'HTTP_CONNECTION' => 'keep-alive'
    'HTTP_HOST' => 'localhost:8005'
    'SCRIPT_FILENAME' => '/Users/xushuo/Desktop/www/yii2cms/api/web/index.php'
    'REDIRECT_STATUS' => '200'
    'SERVER_NAME' => 'localhost'
    'SERVER_PORT' => '8005'
    'SERVER_ADDR' => '127.0.0.1'
    'REMOTE_PORT' => '53734'
    'REMOTE_ADDR' => '127.0.0.1'
    'SERVER_SOFTWARE' => 'nginx/1.17.9'
    'GATEWAY_INTERFACE' => 'CGI/1.1'
    'REQUEST_SCHEME' => 'http'
    'SERVER_PROTOCOL' => 'HTTP/1.1'
    'DOCUMENT_ROOT' => '/Users/xushuo/Desktop/www/yii2cms/api/web'
    'DOCUMENT_URI' => '/index.php'
    'REQUEST_URI' => '/v1/article/1'
    'SCRIPT_NAME' => '/index.php'
    'CONTENT_LENGTH' => ''
    'CONTENT_TYPE' => ''
    'REQUEST_METHOD' => 'GET'
    'QUERY_STRING' => ''
    'FCGI_ROLE' => 'RESPONDER'
    'PHP_SELF' => '/index.php'
    'REQUEST_TIME_FLOAT' => 1591862020.2886
    'REQUEST_TIME' => 1591862020
    'argv' => []
    'argc' => 0
]
2020-06-11 08:01:20 [127.0.0.1][-][-][error][yii\web\HttpException:404] yii\web\NotFoundHttpException: 页面未找到。 in /Users/xushuo/Desktop/www/yii2cms/vendor/yiisoft/yii2/web/Request.php:287
Stack trace:
#0 /Users/xushuo/Desktop/www/yii2cms/vendor/yiisoft/yii2/web/Application.php(82): yii\web\Request->resolve()
#1 /Users/xushuo/Desktop/www/yii2cms/vendor/yiisoft/yii2/base/Application.php(386): yii\web\Application->handleRequest(Object(yii\web\Request))
#2 /Users/xushuo/Desktop/www/yii2cms/api/web/index.php(17): yii\base\Application->run()
#3 {main}
2020-06-11 08:01:20 [127.0.0.1][-][-][info][application] $_GET = []

$_POST = []

$_FILES = []

$_COOKIE = [
    '_adminCSRF' => '70a75a601a3aa8ccec6a858d29835982389e416d912e2885284c18612d0acffca:2:{i:0;s:10:\"_adminCSRF\";i:1;s:32:\"k8YrUSt0MTr2o96pxDExwZubDCi8rraP\";}'
    'PHPBACKSESSION' => '64328a525156760b11c08831715f11e4'
    '_identity' => 'a87f213d5d85b83a034470aa626ebd245c9481d839d44b063bf8fd9654666cb5a:2:{i:0;s:9:\"_identity\";i:1;s:47:\"[[],\"pG7TRyTIXlEbcenpi34TzmMYS2zDsMTF\",2592000]\";}'
    'advanced-backend' => '7f8bac1230ad66b1634509f215645411'
    '_identity-backend' => 'c5f0e52fba8af789a8304ab6328566fd633220f07679c453e2ef461251ff597da:2:{i:0;s:17:\"_identity-backend\";i:1;s:46:\"[1,\"FoFuK-WrcOayDI0_kLdRwGavKN-6mXs6\",2592000]\";}'
    '_csrf-backend' => 'c471752693ffbca5bf8a1f2a3714fd0b8e90512de2c7776c9a61252a98b3998ca:2:{i:0;s:13:\"_csrf-backend\";i:1;s:32:\"DkxrwyyGXtlr2JyODwVLjuOtrc68KaPE\";}'
]

$_SERVER = [
    'USER' => 'xushuo'
    'HOME' => '/Users/xushuo'
    'HTTP_COOKIE' => '_adminCSRF=70a75a601a3aa8ccec6a858d29835982389e416d912e2885284c18612d0acffca%3A2%3A%7Bi%3A0%3Bs%3A10%3A%22_adminCSRF%22%3Bi%3A1%3Bs%3A32%3A%22k8YrUSt0MTr2o96pxDExwZubDCi8rraP%22%3B%7D; PHPBACKSESSION=64328a525156760b11c08831715f11e4; _identity=a87f213d5d85b83a034470aa626ebd245c9481d839d44b063bf8fd9654666cb5a%3A2%3A%7Bi%3A0%3Bs%3A9%3A%22_identity%22%3Bi%3A1%3Bs%3A47%3A%22%5B%5B%5D%2C%22pG7TRyTIXlEbcenpi34TzmMYS2zDsMTF%22%2C2592000%5D%22%3B%7D; advanced-backend=7f8bac1230ad66b1634509f215645411; _identity-backend=c5f0e52fba8af789a8304ab6328566fd633220f07679c453e2ef461251ff597da%3A2%3A%7Bi%3A0%3Bs%3A17%3A%22_identity-backend%22%3Bi%3A1%3Bs%3A46%3A%22%5B1%2C%22FoFuK-WrcOayDI0_kLdRwGavKN-6mXs6%22%2C2592000%5D%22%3B%7D; _csrf-backend=c471752693ffbca5bf8a1f2a3714fd0b8e90512de2c7776c9a61252a98b3998ca%3A2%3A%7Bi%3A0%3Bs%3A13%3A%22_csrf-backend%22%3Bi%3A1%3Bs%3A32%3A%22DkxrwyyGXtlr2JyODwVLjuOtrc68KaPE%22%3B%7D'
    'HTTP_ACCEPT_LANGUAGE' => 'zh-CN,zh;q=0.9,en;q=0.8'
    'HTTP_ACCEPT_ENCODING' => 'gzip, deflate, br'
    'HTTP_SEC_FETCH_USER' => '?1'
    'HTTP_SEC_FETCH_MODE' => 'navigate'
    'HTTP_SEC_FETCH_SITE' => 'none'
    'HTTP_ACCEPT' => 'text/html,application/xhtml+xml,application/xml;q=0.9,image/webp,image/apng,*/*;q=0.8,application/signed-exchange;v=b3;q=0.9'
    'HTTP_SEC_FETCH_DEST' => 'document'
    'HTTP_USER_AGENT' => 'Mozilla/5.0 (Macintosh; Intel Mac OS X 10_14_6) AppleWebKit/537.36 (KHTML, like Gecko) Chrome/80.0.3987.149 Safari/537.36'
    'HTTP_UPGRADE_INSECURE_REQUESTS' => '1'
    'HTTP_CACHE_CONTROL' => 'max-age=0'
    'HTTP_CONNECTION' => 'keep-alive'
    'HTTP_HOST' => 'localhost:8005'
    'SCRIPT_FILENAME' => '/Users/xushuo/Desktop/www/yii2cms/api/web/index.php'
    'REDIRECT_STATUS' => '200'
    'SERVER_NAME' => 'localhost'
    'SERVER_PORT' => '8005'
    'SERVER_ADDR' => '127.0.0.1'
    'REMOTE_PORT' => '54398'
    'REMOTE_ADDR' => '127.0.0.1'
    'SERVER_SOFTWARE' => 'nginx/1.17.9'
    'GATEWAY_INTERFACE' => 'CGI/1.1'
    'REQUEST_SCHEME' => 'http'
    'SERVER_PROTOCOL' => 'HTTP/1.1'
    'DOCUMENT_ROOT' => '/Users/xushuo/Desktop/www/yii2cms/api/web'
    'DOCUMENT_URI' => '/index.php'
    'REQUEST_URI' => '/'
    'SCRIPT_NAME' => '/index.php'
    'CONTENT_LENGTH' => ''
    'CONTENT_TYPE' => ''
    'REQUEST_METHOD' => 'GET'
    'QUERY_STRING' => ''
    'FCGI_ROLE' => 'RESPONDER'
    'PHP_SELF' => '/index.php'
    'REQUEST_TIME_FLOAT' => 1591862480.3641
    'REQUEST_TIME' => 1591862480
    'argv' => []
    'argc' => 0
]
2020-06-11 08:01:43 [127.0.0.1][-][-][error][yii\web\HttpException:401] yii\web\UnauthorizedHttpException: Your request was made with invalid credentials. in /Users/xushuo/Desktop/www/yii2cms/vendor/yiisoft/yii2/filters/auth/AuthMethod.php:93
Stack trace:
#0 /Users/xushuo/Desktop/www/yii2cms/vendor/yiisoft/yii2/filters/auth/AuthMethod.php(76): yii\filters\auth\AuthMethod->handleFailure(Object(yii\web\Response))
#1 /Users/xushuo/Desktop/www/yii2cms/vendor/yiisoft/yii2/base/ActionFilter.php(77): yii\filters\auth\AuthMethod->beforeAction(Object(yii\rest\ViewAction))
#2 [internal function]: yii\base\ActionFilter->beforeFilter(Object(yii\base\ActionEvent))
#3 /Users/xushuo/Desktop/www/yii2cms/vendor/yiisoft/yii2/base/Component.php(627): call_user_func(Array, Object(yii\base\ActionEvent))
#4 /Users/xushuo/Desktop/www/yii2cms/vendor/yiisoft/yii2/base/Controller.php(276): yii\base\Component->trigger('beforeAction', Object(yii\base\ActionEvent))
#5 /Users/xushuo/Desktop/www/yii2cms/vendor/yiisoft/yii2/web/Controller.php(188): yii\base\Controller->beforeAction(Object(yii\rest\ViewAction))
#6 /Users/xushuo/Desktop/www/yii2cms/vendor/yiisoft/yii2/base/Controller.php(155): yii\web\Controller->beforeAction(Object(yii\rest\ViewAction))
#7 /Users/xushuo/Desktop/www/yii2cms/vendor/yiisoft/yii2/base/Module.php(528): yii\base\Controller->runAction('view', Array)
#8 /Users/xushuo/Desktop/www/yii2cms/vendor/yiisoft/yii2/web/Application.php(103): yii\base\Module->runAction('v1/article/view', Array)
#9 /Users/xushuo/Desktop/www/yii2cms/vendor/yiisoft/yii2/base/Application.php(386): yii\web\Application->handleRequest(Object(yii\web\Request))
#10 /Users/xushuo/Desktop/www/yii2cms/api/web/index.php(17): yii\base\Application->run()
#11 {main}
2020-06-11 08:01:43 [127.0.0.1][-][-][info][application] $_GET = [
    'id' => '1'
]

$_POST = []

$_FILES = []

$_COOKIE = [
    '_adminCSRF' => '70a75a601a3aa8ccec6a858d29835982389e416d912e2885284c18612d0acffca:2:{i:0;s:10:\"_adminCSRF\";i:1;s:32:\"k8YrUSt0MTr2o96pxDExwZubDCi8rraP\";}'
    'PHPBACKSESSION' => '64328a525156760b11c08831715f11e4'
    '_identity' => 'a87f213d5d85b83a034470aa626ebd245c9481d839d44b063bf8fd9654666cb5a:2:{i:0;s:9:\"_identity\";i:1;s:47:\"[[],\"pG7TRyTIXlEbcenpi34TzmMYS2zDsMTF\",2592000]\";}'
    'advanced-backend' => '7f8bac1230ad66b1634509f215645411'
    '_identity-backend' => 'c5f0e52fba8af789a8304ab6328566fd633220f07679c453e2ef461251ff597da:2:{i:0;s:17:\"_identity-backend\";i:1;s:46:\"[1,\"FoFuK-WrcOayDI0_kLdRwGavKN-6mXs6\",2592000]\";}'
    '_csrf-backend' => 'c471752693ffbca5bf8a1f2a3714fd0b8e90512de2c7776c9a61252a98b3998ca:2:{i:0;s:13:\"_csrf-backend\";i:1;s:32:\"DkxrwyyGXtlr2JyODwVLjuOtrc68KaPE\";}'
]

$_SERVER = [
    'USER' => 'xushuo'
    'HOME' => '/Users/xushuo'
    'HTTP_COOKIE' => '_adminCSRF=70a75a601a3aa8ccec6a858d29835982389e416d912e2885284c18612d0acffca%3A2%3A%7Bi%3A0%3Bs%3A10%3A%22_adminCSRF%22%3Bi%3A1%3Bs%3A32%3A%22k8YrUSt0MTr2o96pxDExwZubDCi8rraP%22%3B%7D; PHPBACKSESSION=64328a525156760b11c08831715f11e4; _identity=a87f213d5d85b83a034470aa626ebd245c9481d839d44b063bf8fd9654666cb5a%3A2%3A%7Bi%3A0%3Bs%3A9%3A%22_identity%22%3Bi%3A1%3Bs%3A47%3A%22%5B%5B%5D%2C%22pG7TRyTIXlEbcenpi34TzmMYS2zDsMTF%22%2C2592000%5D%22%3B%7D; advanced-backend=7f8bac1230ad66b1634509f215645411; _identity-backend=c5f0e52fba8af789a8304ab6328566fd633220f07679c453e2ef461251ff597da%3A2%3A%7Bi%3A0%3Bs%3A17%3A%22_identity-backend%22%3Bi%3A1%3Bs%3A46%3A%22%5B1%2C%22FoFuK-WrcOayDI0_kLdRwGavKN-6mXs6%22%2C2592000%5D%22%3B%7D; _csrf-backend=c471752693ffbca5bf8a1f2a3714fd0b8e90512de2c7776c9a61252a98b3998ca%3A2%3A%7Bi%3A0%3Bs%3A13%3A%22_csrf-backend%22%3Bi%3A1%3Bs%3A32%3A%22DkxrwyyGXtlr2JyODwVLjuOtrc68KaPE%22%3B%7D'
    'HTTP_ACCEPT_LANGUAGE' => 'zh-CN,zh;q=0.9,en;q=0.8'
    'HTTP_ACCEPT_ENCODING' => 'gzip, deflate, br'
    'HTTP_SEC_FETCH_USER' => '?1'
    'HTTP_SEC_FETCH_MODE' => 'navigate'
    'HTTP_SEC_FETCH_SITE' => 'none'
    'HTTP_ACCEPT' => 'text/html,application/xhtml+xml,application/xml;q=0.9,image/webp,image/apng,*/*;q=0.8,application/signed-exchange;v=b3;q=0.9'
    'HTTP_SEC_FETCH_DEST' => 'document'
    'HTTP_USER_AGENT' => 'Mozilla/5.0 (Macintosh; Intel Mac OS X 10_14_6) AppleWebKit/537.36 (KHTML, like Gecko) Chrome/80.0.3987.149 Safari/537.36'
    'HTTP_UPGRADE_INSECURE_REQUESTS' => '1'
    'HTTP_CONNECTION' => 'keep-alive'
    'HTTP_HOST' => 'localhost:8005'
    'SCRIPT_FILENAME' => '/Users/xushuo/Desktop/www/yii2cms/api/web/index.php'
    'REDIRECT_STATUS' => '200'
    'SERVER_NAME' => 'localhost'
    'SERVER_PORT' => '8005'
    'SERVER_ADDR' => '127.0.0.1'
    'REMOTE_PORT' => '54398'
    'REMOTE_ADDR' => '127.0.0.1'
    'SERVER_SOFTWARE' => 'nginx/1.17.9'
    'GATEWAY_INTERFACE' => 'CGI/1.1'
    'REQUEST_SCHEME' => 'http'
    'SERVER_PROTOCOL' => 'HTTP/1.1'
    'DOCUMENT_ROOT' => '/Users/xushuo/Desktop/www/yii2cms/api/web'
    'DOCUMENT_URI' => '/index.php'
    'REQUEST_URI' => '/v1/article/1'
    'SCRIPT_NAME' => '/index.php'
    'CONTENT_LENGTH' => ''
    'CONTENT_TYPE' => ''
    'REQUEST_METHOD' => 'GET'
    'QUERY_STRING' => ''
    'FCGI_ROLE' => 'RESPONDER'
    'PHP_SELF' => '/index.php'
    'REQUEST_TIME_FLOAT' => 1591862503.7222
    'REQUEST_TIME' => 1591862503
    'argv' => []
    'argc' => 0
]
2020-06-11 08:15:55 [127.0.0.1][-][-][error][yii\web\HttpException:401] yii\web\UnauthorizedHttpException: Your request was made with invalid credentials. in /Users/xushuo/Desktop/www/yii2cms/vendor/yiisoft/yii2/filters/auth/AuthMethod.php:93
Stack trace:
#0 /Users/xushuo/Desktop/www/yii2cms/vendor/yiisoft/yii2/filters/auth/AuthMethod.php(76): yii\filters\auth\AuthMethod->handleFailure(Object(yii\web\Response))
#1 /Users/xushuo/Desktop/www/yii2cms/vendor/yiisoft/yii2/base/ActionFilter.php(77): yii\filters\auth\AuthMethod->beforeAction(Object(yii\rest\ViewAction))
#2 [internal function]: yii\base\ActionFilter->beforeFilter(Object(yii\base\ActionEvent))
#3 /Users/xushuo/Desktop/www/yii2cms/vendor/yiisoft/yii2/base/Component.php(627): call_user_func(Array, Object(yii\base\ActionEvent))
#4 /Users/xushuo/Desktop/www/yii2cms/vendor/yiisoft/yii2/base/Controller.php(276): yii\base\Component->trigger('beforeAction', Object(yii\base\ActionEvent))
#5 /Users/xushuo/Desktop/www/yii2cms/vendor/yiisoft/yii2/web/Controller.php(188): yii\base\Controller->beforeAction(Object(yii\rest\ViewAction))
#6 /Users/xushuo/Desktop/www/yii2cms/vendor/yiisoft/yii2/base/Controller.php(155): yii\web\Controller->beforeAction(Object(yii\rest\ViewAction))
#7 /Users/xushuo/Desktop/www/yii2cms/vendor/yiisoft/yii2/base/Module.php(528): yii\base\Controller->runAction('view', Array)
#8 /Users/xushuo/Desktop/www/yii2cms/vendor/yiisoft/yii2/web/Application.php(103): yii\base\Module->runAction('v1/article/view', Array)
#9 /Users/xushuo/Desktop/www/yii2cms/vendor/yiisoft/yii2/base/Application.php(386): yii\web\Application->handleRequest(Object(yii\web\Request))
#10 /Users/xushuo/Desktop/www/yii2cms/api/web/index.php(17): yii\base\Application->run()
#11 {main}
2020-06-11 08:15:54 [127.0.0.1][-][-][info][application] $_GET = [
    'id' => '1'
]

$_POST = []

$_FILES = []

$_COOKIE = [
    '_adminCSRF' => '70a75a601a3aa8ccec6a858d29835982389e416d912e2885284c18612d0acffca:2:{i:0;s:10:\"_adminCSRF\";i:1;s:32:\"k8YrUSt0MTr2o96pxDExwZubDCi8rraP\";}'
    'PHPBACKSESSION' => '64328a525156760b11c08831715f11e4'
    '_identity' => 'a87f213d5d85b83a034470aa626ebd245c9481d839d44b063bf8fd9654666cb5a:2:{i:0;s:9:\"_identity\";i:1;s:47:\"[[],\"pG7TRyTIXlEbcenpi34TzmMYS2zDsMTF\",2592000]\";}'
    'advanced-backend' => '7f8bac1230ad66b1634509f215645411'
    '_identity-backend' => 'c5f0e52fba8af789a8304ab6328566fd633220f07679c453e2ef461251ff597da:2:{i:0;s:17:\"_identity-backend\";i:1;s:46:\"[1,\"FoFuK-WrcOayDI0_kLdRwGavKN-6mXs6\",2592000]\";}'
    '_csrf-backend' => 'c471752693ffbca5bf8a1f2a3714fd0b8e90512de2c7776c9a61252a98b3998ca:2:{i:0;s:13:\"_csrf-backend\";i:1;s:32:\"DkxrwyyGXtlr2JyODwVLjuOtrc68KaPE\";}'
]

$_SERVER = [
    'USER' => 'xushuo'
    'HOME' => '/Users/xushuo'
    'HTTP_COOKIE' => '_adminCSRF=70a75a601a3aa8ccec6a858d29835982389e416d912e2885284c18612d0acffca%3A2%3A%7Bi%3A0%3Bs%3A10%3A%22_adminCSRF%22%3Bi%3A1%3Bs%3A32%3A%22k8YrUSt0MTr2o96pxDExwZubDCi8rraP%22%3B%7D; PHPBACKSESSION=64328a525156760b11c08831715f11e4; _identity=a87f213d5d85b83a034470aa626ebd245c9481d839d44b063bf8fd9654666cb5a%3A2%3A%7Bi%3A0%3Bs%3A9%3A%22_identity%22%3Bi%3A1%3Bs%3A47%3A%22%5B%5B%5D%2C%22pG7TRyTIXlEbcenpi34TzmMYS2zDsMTF%22%2C2592000%5D%22%3B%7D; advanced-backend=7f8bac1230ad66b1634509f215645411; _identity-backend=c5f0e52fba8af789a8304ab6328566fd633220f07679c453e2ef461251ff597da%3A2%3A%7Bi%3A0%3Bs%3A17%3A%22_identity-backend%22%3Bi%3A1%3Bs%3A46%3A%22%5B1%2C%22FoFuK-WrcOayDI0_kLdRwGavKN-6mXs6%22%2C2592000%5D%22%3B%7D; _csrf-backend=c471752693ffbca5bf8a1f2a3714fd0b8e90512de2c7776c9a61252a98b3998ca%3A2%3A%7Bi%3A0%3Bs%3A13%3A%22_csrf-backend%22%3Bi%3A1%3Bs%3A32%3A%22DkxrwyyGXtlr2JyODwVLjuOtrc68KaPE%22%3B%7D'
    'HTTP_ACCEPT_LANGUAGE' => 'zh-CN,zh;q=0.9,en;q=0.8'
    'HTTP_ACCEPT_ENCODING' => 'gzip, deflate, br'
    'HTTP_SEC_FETCH_USER' => '?1'
    'HTTP_SEC_FETCH_MODE' => 'navigate'
    'HTTP_SEC_FETCH_SITE' => 'none'
    'HTTP_ACCEPT' => 'text/html,application/xhtml+xml,application/xml;q=0.9,image/webp,image/apng,*/*;q=0.8,application/signed-exchange;v=b3;q=0.9'
    'HTTP_SEC_FETCH_DEST' => 'document'
    'HTTP_USER_AGENT' => 'Mozilla/5.0 (Macintosh; Intel Mac OS X 10_14_6) AppleWebKit/537.36 (KHTML, like Gecko) Chrome/80.0.3987.149 Safari/537.36'
    'HTTP_UPGRADE_INSECURE_REQUESTS' => '1'
    'HTTP_CACHE_CONTROL' => 'max-age=0'
    'HTTP_CONNECTION' => 'keep-alive'
    'HTTP_HOST' => 'localhost:8005'
    'SCRIPT_FILENAME' => '/Users/xushuo/Desktop/www/yii2cms/api/web/index.php'
    'REDIRECT_STATUS' => '200'
    'SERVER_NAME' => 'localhost'
    'SERVER_PORT' => '8005'
    'SERVER_ADDR' => '127.0.0.1'
    'REMOTE_PORT' => '55589'
    'REMOTE_ADDR' => '127.0.0.1'
    'SERVER_SOFTWARE' => 'nginx/1.17.9'
    'GATEWAY_INTERFACE' => 'CGI/1.1'
    'REQUEST_SCHEME' => 'http'
    'SERVER_PROTOCOL' => 'HTTP/1.1'
    'DOCUMENT_ROOT' => '/Users/xushuo/Desktop/www/yii2cms/api/web'
    'DOCUMENT_URI' => '/index.php'
    'REQUEST_URI' => '/v1/article/1'
    'SCRIPT_NAME' => '/index.php'
    'CONTENT_LENGTH' => ''
    'CONTENT_TYPE' => ''
    'REQUEST_METHOD' => 'GET'
    'QUERY_STRING' => ''
    'FCGI_ROLE' => 'RESPONDER'
    'PHP_SELF' => '/index.php'
    'REQUEST_TIME_FLOAT' => 1591863354.7261
    'REQUEST_TIME' => 1591863354
    'argv' => []
    'argc' => 0
]
2020-06-11 08:33:24 [127.0.0.1][-][-][error][yii\web\HttpException:404] yii\web\NotFoundHttpException: 页面未找到。 in /Users/xushuo/Desktop/www/yii2cms/vendor/yiisoft/yii2/web/Request.php:287
Stack trace:
#0 /Users/xushuo/Desktop/www/yii2cms/vendor/yiisoft/yii2/web/Application.php(82): yii\web\Request->resolve()
#1 /Users/xushuo/Desktop/www/yii2cms/vendor/yiisoft/yii2/base/Application.php(386): yii\web\Application->handleRequest(Object(yii\web\Request))
#2 /Users/xushuo/Desktop/www/yii2cms/api/web/index.php(17): yii\base\Application->run()
#3 {main}
2020-06-11 08:33:24 [127.0.0.1][-][-][info][application] $_GET = []

$_POST = []

$_FILES = []

$_COOKIE = []

$_SERVER = [
    'USER' => 'xushuo'
    'HOME' => '/Users/xushuo'
    'HTTP_CONNECTION' => 'keep-alive'
    'HTTP_CONTENT_LENGTH' => '0'
    'HTTP_ACCEPT_ENCODING' => 'gzip, deflate'
    'HTTP_HOST' => 'localhost:8005'
    'HTTP_POSTMAN_TOKEN' => '9853bdea-acd9-48fc-a455-25dc643066c1'
    'HTTP_CACHE_CONTROL' => 'no-cache'
    'HTTP_ACCEPT' => '*/*'
    'HTTP_USER_AGENT' => 'PostmanRuntime/7.21.0'
    'SCRIPT_FILENAME' => '/Users/xushuo/Desktop/www/yii2cms/api/web/index.php'
    'REDIRECT_STATUS' => '200'
    'SERVER_NAME' => 'localhost'
    'SERVER_PORT' => '8005'
    'SERVER_ADDR' => '127.0.0.1'
    'REMOTE_PORT' => '56888'
    'REMOTE_ADDR' => '127.0.0.1'
    'SERVER_SOFTWARE' => 'nginx/1.17.9'
    'GATEWAY_INTERFACE' => 'CGI/1.1'
    'REQUEST_SCHEME' => 'http'
    'SERVER_PROTOCOL' => 'HTTP/1.1'
    'DOCUMENT_ROOT' => '/Users/xushuo/Desktop/www/yii2cms/api/web'
    'DOCUMENT_URI' => '/index.php'
    'REQUEST_URI' => '/login'
    'SCRIPT_NAME' => '/index.php'
    'CONTENT_LENGTH' => '0'
    'CONTENT_TYPE' => ''
    'REQUEST_METHOD' => 'POST'
    'QUERY_STRING' => ''
    'FCGI_ROLE' => 'RESPONDER'
    'PHP_SELF' => '/index.php'
    'REQUEST_TIME_FLOAT' => 1591864404.3685
    'REQUEST_TIME' => 1591864404
    'argv' => []
    'argc' => 0
]
2020-06-11 08:33:45 [127.0.0.1][-][-][error][yii\web\HttpException:404] yii\web\NotFoundHttpException: 页面未找到。 in /Users/xushuo/Desktop/www/yii2cms/vendor/yiisoft/yii2/web/Request.php:287
Stack trace:
#0 /Users/xushuo/Desktop/www/yii2cms/vendor/yiisoft/yii2/web/Application.php(82): yii\web\Request->resolve()
#1 /Users/xushuo/Desktop/www/yii2cms/vendor/yiisoft/yii2/base/Application.php(386): yii\web\Application->handleRequest(Object(yii\web\Request))
#2 /Users/xushuo/Desktop/www/yii2cms/api/web/index.php(17): yii\base\Application->run()
#3 {main}
2020-06-11 08:33:45 [127.0.0.1][-][-][info][application] $_GET = []

$_POST = []

$_FILES = []

$_COOKIE = []

$_SERVER = [
    'USER' => 'xushuo'
    'HOME' => '/Users/xushuo'
    'HTTP_CONNECTION' => 'keep-alive'
    'HTTP_CONTENT_LENGTH' => '0'
    'HTTP_ACCEPT_ENCODING' => 'gzip, deflate'
    'HTTP_HOST' => 'localhost:8005'
    'HTTP_POSTMAN_TOKEN' => '185eddec-1572-4855-9898-9f817869d089'
    'HTTP_CACHE_CONTROL' => 'no-cache'
    'HTTP_ACCEPT' => '*/*'
    'HTTP_USER_AGENT' => 'PostmanRuntime/7.21.0'
    'SCRIPT_FILENAME' => '/Users/xushuo/Desktop/www/yii2cms/api/web/index.php'
    'REDIRECT_STATUS' => '200'
    'SERVER_NAME' => 'localhost'
    'SERVER_PORT' => '8005'
    'SERVER_ADDR' => '127.0.0.1'
    'REMOTE_PORT' => '56888'
    'REMOTE_ADDR' => '127.0.0.1'
    'SERVER_SOFTWARE' => 'nginx/1.17.9'
    'GATEWAY_INTERFACE' => 'CGI/1.1'
    'REQUEST_SCHEME' => 'http'
    'SERVER_PROTOCOL' => 'HTTP/1.1'
    'DOCUMENT_ROOT' => '/Users/xushuo/Desktop/www/yii2cms/api/web'
    'DOCUMENT_URI' => '/index.php'
    'REQUEST_URI' => '/v1/login'
    'SCRIPT_NAME' => '/index.php'
    'CONTENT_LENGTH' => '0'
    'CONTENT_TYPE' => ''
    'REQUEST_METHOD' => 'POST'
    'QUERY_STRING' => ''
    'FCGI_ROLE' => 'RESPONDER'
    'PHP_SELF' => '/index.php'
    'REQUEST_TIME_FLOAT' => 1591864425.027
    'REQUEST_TIME' => 1591864425
    'argv' => []
    'argc' => 0
]
2020-06-11 08:42:19 [127.0.0.1][-][-][error][yii\web\HttpException:404] yii\web\NotFoundHttpException: 页面未找到。 in /Users/xushuo/Desktop/www/yii2cms/vendor/yiisoft/yii2/web/Request.php:287
Stack trace:
#0 /Users/xushuo/Desktop/www/yii2cms/vendor/yiisoft/yii2/web/Application.php(82): yii\web\Request->resolve()
#1 /Users/xushuo/Desktop/www/yii2cms/vendor/yiisoft/yii2/base/Application.php(386): yii\web\Application->handleRequest(Object(yii\web\Request))
#2 /Users/xushuo/Desktop/www/yii2cms/api/web/index.php(17): yii\base\Application->run()
#3 {main}
2020-06-11 08:42:18 [127.0.0.1][-][-][info][application] $_GET = []

$_POST = [
    'username' => 'alilinet'
    'password_hash' => '123456'
]

$_FILES = []

$_COOKIE = []

$_SERVER = [
    'USER' => 'xushuo'
    'HOME' => '/Users/xushuo'
    'HTTP_CONNECTION' => 'keep-alive'
    'HTTP_CONTENT_LENGTH' => '289'
    'HTTP_ACCEPT_ENCODING' => 'gzip, deflate'
    'HTTP_CONTENT_TYPE' => 'multipart/form-data; boundary=--------------------------094176395371807071845395'
    'HTTP_HOST' => 'localhost:8005'
    'HTTP_POSTMAN_TOKEN' => 'adfea613-9fef-4fa8-b62f-547081d870e8'
    'HTTP_CACHE_CONTROL' => 'no-cache'
    'HTTP_ACCEPT' => '*/*'
    'HTTP_USER_AGENT' => 'PostmanRuntime/7.21.0'
    'SCRIPT_FILENAME' => '/Users/xushuo/Desktop/www/yii2cms/api/web/index.php'
    'REDIRECT_STATUS' => '200'
    'SERVER_NAME' => 'localhost'
    'SERVER_PORT' => '8005'
    'SERVER_ADDR' => '127.0.0.1'
    'REMOTE_PORT' => '57508'
    'REMOTE_ADDR' => '127.0.0.1'
    'SERVER_SOFTWARE' => 'nginx/1.17.9'
    'GATEWAY_INTERFACE' => 'CGI/1.1'
    'REQUEST_SCHEME' => 'http'
    'SERVER_PROTOCOL' => 'HTTP/1.1'
    'DOCUMENT_ROOT' => '/Users/xushuo/Desktop/www/yii2cms/api/web'
    'DOCUMENT_URI' => '/index.php'
    'REQUEST_URI' => '/v1/login'
    'SCRIPT_NAME' => '/index.php'
    'CONTENT_LENGTH' => '289'
    'CONTENT_TYPE' => 'multipart/form-data; boundary=--------------------------094176395371807071845395'
    'REQUEST_METHOD' => 'POST'
    'QUERY_STRING' => ''
    'FCGI_ROLE' => 'RESPONDER'
    'PHP_SELF' => '/index.php'
    'REQUEST_TIME_FLOAT' => 1591864938.8994
    'REQUEST_TIME' => 1591864938
    'argv' => []
    'argc' => 0
]
2020-06-11 08:43:10 [127.0.0.1][-][-][error][yii\web\HttpException:404] yii\web\NotFoundHttpException: 页面未找到。 in /Users/xushuo/Desktop/www/yii2cms/vendor/yiisoft/yii2/web/Request.php:287
Stack trace:
#0 /Users/xushuo/Desktop/www/yii2cms/vendor/yiisoft/yii2/web/Application.php(82): yii\web\Request->resolve()
#1 /Users/xushuo/Desktop/www/yii2cms/vendor/yiisoft/yii2/base/Application.php(386): yii\web\Application->handleRequest(Object(yii\web\Request))
#2 /Users/xushuo/Desktop/www/yii2cms/api/web/index.php(17): yii\base\Application->run()
#3 {main}
2020-06-11 08:43:10 [127.0.0.1][-][-][info][application] $_GET = []

$_POST = [
    'username' => 'alilinet'
    'password_hash' => '123456'
]

$_FILES = []

$_COOKIE = []

$_SERVER = [
    'USER' => 'xushuo'
    'HOME' => '/Users/xushuo'
    'HTTP_CONNECTION' => 'keep-alive'
    'HTTP_CONTENT_LENGTH' => '289'
    'HTTP_ACCEPT_ENCODING' => 'gzip, deflate'
    'HTTP_CONTENT_TYPE' => 'multipart/form-data; boundary=--------------------------189447777758394914253073'
    'HTTP_HOST' => 'localhost:8005'
    'HTTP_POSTMAN_TOKEN' => '8b51c93c-99f9-4a64-95a7-5e05b1007a66'
    'HTTP_CACHE_CONTROL' => 'no-cache'
    'HTTP_ACCEPT' => '*/*'
    'HTTP_USER_AGENT' => 'PostmanRuntime/7.21.0'
    'SCRIPT_FILENAME' => '/Users/xushuo/Desktop/www/yii2cms/api/web/index.php'
    'REDIRECT_STATUS' => '200'
    'SERVER_NAME' => 'localhost'
    'SERVER_PORT' => '8005'
    'SERVER_ADDR' => '127.0.0.1'
    'REMOTE_PORT' => '57508'
    'REMOTE_ADDR' => '127.0.0.1'
    'SERVER_SOFTWARE' => 'nginx/1.17.9'
    'GATEWAY_INTERFACE' => 'CGI/1.1'
    'REQUEST_SCHEME' => 'http'
    'SERVER_PROTOCOL' => 'HTTP/1.1'
    'DOCUMENT_ROOT' => '/Users/xushuo/Desktop/www/yii2cms/api/web'
    'DOCUMENT_URI' => '/index.php'
    'REQUEST_URI' => '/api/v1/login'
    'SCRIPT_NAME' => '/index.php'
    'CONTENT_LENGTH' => '289'
    'CONTENT_TYPE' => 'multipart/form-data; boundary=--------------------------189447777758394914253073'
    'REQUEST_METHOD' => 'POST'
    'QUERY_STRING' => ''
    'FCGI_ROLE' => 'RESPONDER'
    'PHP_SELF' => '/index.php'
    'REQUEST_TIME_FLOAT' => 1591864990.2527
    'REQUEST_TIME' => 1591864990
    'argv' => []
    'argc' => 0
]
2020-06-11 08:45:41 [127.0.0.1][-][-][error][yii\web\HttpException:404] yii\web\NotFoundHttpException: 页面未找到。 in /Users/xushuo/Desktop/www/yii2cms/vendor/yiisoft/yii2/web/Request.php:287
Stack trace:
#0 /Users/xushuo/Desktop/www/yii2cms/vendor/yiisoft/yii2/web/Application.php(82): yii\web\Request->resolve()
#1 /Users/xushuo/Desktop/www/yii2cms/vendor/yiisoft/yii2/base/Application.php(386): yii\web\Application->handleRequest(Object(yii\web\Request))
#2 /Users/xushuo/Desktop/www/yii2cms/api/web/index.php(17): yii\base\Application->run()
#3 {main}
2020-06-11 08:45:41 [127.0.0.1][-][-][info][application] $_GET = []

$_POST = [
    'username' => 'alilinet'
    'password_hash' => '123456'
]

$_FILES = []

$_COOKIE = []

$_SERVER = [
    'USER' => 'xushuo'
    'HOME' => '/Users/xushuo'
    'HTTP_CONNECTION' => 'keep-alive'
    'HTTP_CONTENT_LENGTH' => '289'
    'HTTP_ACCEPT_ENCODING' => 'gzip, deflate'
    'HTTP_CONTENT_TYPE' => 'multipart/form-data; boundary=--------------------------440415408058271497597225'
    'HTTP_HOST' => 'localhost:8005'
    'HTTP_POSTMAN_TOKEN' => '84b2efb1-f802-4867-9066-c9e3db3e0110'
    'HTTP_CACHE_CONTROL' => 'no-cache'
    'HTTP_ACCEPT' => '*/*'
    'HTTP_USER_AGENT' => 'PostmanRuntime/7.21.0'
    'SCRIPT_FILENAME' => '/Users/xushuo/Desktop/www/yii2cms/api/web/index.php'
    'REDIRECT_STATUS' => '200'
    'SERVER_NAME' => 'localhost'
    'SERVER_PORT' => '8005'
    'SERVER_ADDR' => '127.0.0.1'
    'REMOTE_PORT' => '57734'
    'REMOTE_ADDR' => '127.0.0.1'
    'SERVER_SOFTWARE' => 'nginx/1.17.9'
    'GATEWAY_INTERFACE' => 'CGI/1.1'
    'REQUEST_SCHEME' => 'http'
    'SERVER_PROTOCOL' => 'HTTP/1.1'
    'DOCUMENT_ROOT' => '/Users/xushuo/Desktop/www/yii2cms/api/web'
    'DOCUMENT_URI' => '/index.php'
    'REQUEST_URI' => '/login'
    'SCRIPT_NAME' => '/index.php'
    'CONTENT_LENGTH' => '289'
    'CONTENT_TYPE' => 'multipart/form-data; boundary=--------------------------440415408058271497597225'
    'REQUEST_METHOD' => 'POST'
    'QUERY_STRING' => ''
    'FCGI_ROLE' => 'RESPONDER'
    'PHP_SELF' => '/index.php'
    'REQUEST_TIME_FLOAT' => 1591865141.0632
    'REQUEST_TIME' => 1591865141
    'argv' => []
    'argc' => 0
]
2020-06-11 08:46:07 [127.0.0.1][-][-][error][yii\base\UnknownPropertyException] yii\base\UnknownPropertyException: Getting unknown property: yii\web\Application::ipaddress in /Users/xushuo/Desktop/www/yii2cms/vendor/yiisoft/yii2/base/Component.php:154
Stack trace:
#0 /Users/xushuo/Desktop/www/yii2cms/vendor/yiisoft/yii2/di/ServiceLocator.php(77): yii\base\Component->__get('ipaddress')
#1 /Users/xushuo/Desktop/www/yii2cms/api/models/LoginForm.php(61): yii\di\ServiceLocator->__get('ipaddress')
#2 /Users/xushuo/Desktop/www/yii2cms/api/modules/v1/controllers/UserController.php(30): api\models\LoginForm->login()
#3 [internal function]: api\modules\v1\controllers\UserController->actionLogin()
#4 /Users/xushuo/Desktop/www/yii2cms/vendor/yiisoft/yii2/base/InlineAction.php(57): call_user_func_array(Array, Array)
#5 /Users/xushuo/Desktop/www/yii2cms/vendor/yiisoft/yii2/base/Controller.php(157): yii\base\InlineAction->runWithParams(Array)
#6 /Users/xushuo/Desktop/www/yii2cms/vendor/yiisoft/yii2/base/Module.php(528): yii\base\Controller->runAction('login', Array)
#7 /Users/xushuo/Desktop/www/yii2cms/vendor/yiisoft/yii2/web/Application.php(103): yii\base\Module->runAction('v1/user/login', Array)
#8 /Users/xushuo/Desktop/www/yii2cms/vendor/yiisoft/yii2/base/Application.php(386): yii\web\Application->handleRequest(Object(yii\web\Request))
#9 /Users/xushuo/Desktop/www/yii2cms/api/web/index.php(17): yii\base\Application->run()
#10 {main}
2020-06-11 08:46:06 [127.0.0.1][-][-][info][application] $_GET = []

$_POST = [
    'username' => 'alilinet'
    'password' => '123456'
]

$_FILES = []

$_COOKIE = []

$_SERVER = [
    'USER' => 'xushuo'
    'HOME' => '/Users/xushuo'
    'HTTP_CONNECTION' => 'keep-alive'
    'HTTP_CONTENT_LENGTH' => '284'
    'HTTP_ACCEPT_ENCODING' => 'gzip, deflate'
    'HTTP_CONTENT_TYPE' => 'multipart/form-data; boundary=--------------------------644412571250610900580392'
    'HTTP_HOST' => 'localhost:8005'
    'HTTP_POSTMAN_TOKEN' => '297ec3c4-9dd4-4dcc-81a9-d1ef30ff7f53'
    'HTTP_CACHE_CONTROL' => 'no-cache'
    'HTTP_ACCEPT' => '*/*'
    'HTTP_USER_AGENT' => 'PostmanRuntime/7.21.0'
    'SCRIPT_FILENAME' => '/Users/xushuo/Desktop/www/yii2cms/api/web/index.php'
    'REDIRECT_STATUS' => '200'
    'SERVER_NAME' => 'localhost'
    'SERVER_PORT' => '8005'
    'SERVER_ADDR' => '127.0.0.1'
    'REMOTE_PORT' => '57734'
    'REMOTE_ADDR' => '127.0.0.1'
    'SERVER_SOFTWARE' => 'nginx/1.17.9'
    'GATEWAY_INTERFACE' => 'CGI/1.1'
    'REQUEST_SCHEME' => 'http'
    'SERVER_PROTOCOL' => 'HTTP/1.1'
    'DOCUMENT_ROOT' => '/Users/xushuo/Desktop/www/yii2cms/api/web'
    'DOCUMENT_URI' => '/index.php'
    'REQUEST_URI' => '/v1/user/login'
    'SCRIPT_NAME' => '/index.php'
    'CONTENT_LENGTH' => '284'
    'CONTENT_TYPE' => 'multipart/form-data; boundary=--------------------------644412571250610900580392'
    'REQUEST_METHOD' => 'POST'
    'QUERY_STRING' => ''
    'FCGI_ROLE' => 'RESPONDER'
    'PHP_SELF' => '/index.php'
    'REQUEST_TIME_FLOAT' => 1591865166.6542
    'REQUEST_TIME' => 1591865166
    'argv' => []
    'argc' => 0
]
2020-06-11 09:20:37 [127.0.0.1][-][-][error][yii\base\UnknownPropertyException] yii\base\UnknownPropertyException: Getting unknown property: yii\web\Application::ipaddress in /Users/xushuo/Desktop/www/yii2cms/vendor/yiisoft/yii2/base/Component.php:154
Stack trace:
#0 /Users/xushuo/Desktop/www/yii2cms/vendor/yiisoft/yii2/di/ServiceLocator.php(77): yii\base\Component->__get('ipaddress')
#1 /Users/xushuo/Desktop/www/yii2cms/api/models/LoginForm.php(62): yii\di\ServiceLocator->__get('ipaddress')
#2 /Users/xushuo/Desktop/www/yii2cms/api/modules/v1/controllers/UserController.php(30): api\models\LoginForm->login()
#3 [internal function]: api\modules\v1\controllers\UserController->actionLogin()
#4 /Users/xushuo/Desktop/www/yii2cms/vendor/yiisoft/yii2/base/InlineAction.php(57): call_user_func_array(Array, Array)
#5 /Users/xushuo/Desktop/www/yii2cms/vendor/yiisoft/yii2/base/Controller.php(157): yii\base\InlineAction->runWithParams(Array)
#6 /Users/xushuo/Desktop/www/yii2cms/vendor/yiisoft/yii2/base/Module.php(528): yii\base\Controller->runAction('login', Array)
#7 /Users/xushuo/Desktop/www/yii2cms/vendor/yiisoft/yii2/web/Application.php(103): yii\base\Module->runAction('v1/user/login', Array)
#8 /Users/xushuo/Desktop/www/yii2cms/vendor/yiisoft/yii2/base/Application.php(386): yii\web\Application->handleRequest(Object(yii\web\Request))
#9 /Users/xushuo/Desktop/www/yii2cms/api/web/index.php(17): yii\base\Application->run()
#10 {main}
2020-06-11 09:20:35 [127.0.0.1][-][-][info][application] $_GET = []

$_POST = [
    'username' => 'alilinet'
    'password' => '123456'
]

$_FILES = []

$_COOKIE = []

$_SERVER = [
    'USER' => 'xushuo'
    'HOME' => '/Users/xushuo'
    'HTTP_CONNECTION' => 'keep-alive'
    'HTTP_CONTENT_LENGTH' => '284'
    'HTTP_ACCEPT_ENCODING' => 'gzip, deflate'
    'HTTP_CONTENT_TYPE' => 'multipart/form-data; boundary=--------------------------423181518896008392857437'
    'HTTP_HOST' => 'localhost:8005'
    'HTTP_POSTMAN_TOKEN' => '450b997c-89fe-45c7-a844-36c153d64f4d'
    'HTTP_CACHE_CONTROL' => 'no-cache'
    'HTTP_ACCEPT' => '*/*'
    'HTTP_USER_AGENT' => 'PostmanRuntime/7.21.0'
    'SCRIPT_FILENAME' => '/Users/xushuo/Desktop/www/yii2cms/api/web/index.php'
    'REDIRECT_STATUS' => '200'
    'SERVER_NAME' => 'localhost'
    'SERVER_PORT' => '8005'
    'SERVER_ADDR' => '127.0.0.1'
    'REMOTE_PORT' => '60174'
    'REMOTE_ADDR' => '127.0.0.1'
    'SERVER_SOFTWARE' => 'nginx/1.17.9'
    'GATEWAY_INTERFACE' => 'CGI/1.1'
    'REQUEST_SCHEME' => 'http'
    'SERVER_PROTOCOL' => 'HTTP/1.1'
    'DOCUMENT_ROOT' => '/Users/xushuo/Desktop/www/yii2cms/api/web'
    'DOCUMENT_URI' => '/index.php'
    'REQUEST_URI' => '/v1/user/login'
    'SCRIPT_NAME' => '/index.php'
    'CONTENT_LENGTH' => '284'
    'CONTENT_TYPE' => 'multipart/form-data; boundary=--------------------------423181518896008392857437'
    'REQUEST_METHOD' => 'POST'
    'QUERY_STRING' => ''
    'FCGI_ROLE' => 'RESPONDER'
    'PHP_SELF' => '/index.php'
    'REQUEST_TIME_FLOAT' => 1591867235.4213
    'REQUEST_TIME' => 1591867235
    'argv' => []
    'argc' => 0
]
